Flow report for nerrv32
Wed May 10 16:25:08 2023
Quartus Prime Version 22.1std.1 Build 917 02/14/2023 SC Lite Edition


---------------------
; Table of Contents ;
---------------------
  1. Legal Notice
  2. Flow Summary
  3. Flow Settings
  4. Flow Non-Default Global Settings
  5. Flow Elapsed Time
  6. Flow OS Summary
  7. Flow Log
  8. Flow Messages
  9. Flow Suppressed Messages



----------------
; Legal Notice ;
----------------
Copyright (C) 2023  Intel Corporation. All rights reserved.
Your use of Intel Corporation's design tools, logic functions 
and other software and tools, and any partner logic 
functions, and any output files from any of the foregoing 
(including device programming or simulation files), and any 
associated documentation or information are expressly subject 
to the terms and conditions of the Intel Program License 
Subscription Agreement, the Intel Quartus Prime License Agreement,
the Intel FPGA IP License Agreement, or other applicable license
agreement, including, without limitation, that your use is for
the sole purpose of programming logic devices manufactured by
Intel and sold by Intel or its authorized distributors.  Please
refer to the applicable agreement for further details, at
https://fpgasoftware.intel.com/eula.



+-------------------------------------------------------------------------------------+
; Flow Summary                                                                        ;
+------------------------------------+------------------------------------------------+
; Flow Status                        ; Successful - Wed May 10 16:25:08 2023          ;
; Quartus Prime Version              ; 22.1std.1 Build 917 02/14/2023 SC Lite Edition ;
; Revision Name                      ; nerrv32                                        ;
; Top-level Entity Name              ; neorv32_top                                    ;
; Family                             ; Cyclone IV GX                                  ;
; Device                             ; EP4CGX150DF31C7                                ;
; Timing Models                      ; Final                                          ;
; Total logic elements               ; 2,062 / 149,760 ( 1 % )                        ;
;     Total combinational functions  ; 1,962 / 149,760 ( 1 % )                        ;
;     Dedicated logic registers      ; 949 / 149,760 ( < 1 % )                        ;
; Total registers                    ; 949                                            ;
; Total pins                         ; 390 / 508 ( 77 % )                             ;
; Total virtual pins                 ; 0                                              ;
; Total memory bits                  ; 518,144 / 6,635,520 ( 8 % )                    ;
; Embedded Multiplier 9-bit elements ; 0 / 720 ( 0 % )                                ;
; Total GXB Receiver Channel PCS     ; 0 / 8 ( 0 % )                                  ;
; Total GXB Receiver Channel PMA     ; 0 / 8 ( 0 % )                                  ;
; Total GXB Transmitter Channel PCS  ; 0 / 8 ( 0 % )                                  ;
; Total GXB Transmitter Channel PMA  ; 0 / 8 ( 0 % )                                  ;
; Total PLLs                         ; 0 / 8 ( 0 % )                                  ;
+------------------------------------+------------------------------------------------+


+-----------------------------------------+
; Flow Settings                           ;
+-------------------+---------------------+
; Option            ; Setting             ;
+-------------------+---------------------+
; Start date & time ; 05/10/2023 16:24:17 ;
; Main task         ; Compilation         ;
; Revision Name     ; nerrv32             ;
+-------------------+---------------------+


+------------------------------------------------------------------------------------------------------------------------------------------------+
; Flow Non-Default Global Settings                                                                                                               ;
+-------------------------------------+----------------------------------------+---------------+-------------+-----------------------------------+
; Assignment Name                     ; Value                                  ; Default Value ; Entity Name ; Section Id                        ;
+-------------------------------------+----------------------------------------+---------------+-------------+-----------------------------------+
; COMPILER_SIGNATURE_ID               ; 5218839785603.168374665704972          ; --            ; --          ; --                                ;
; EDA_GENERATE_FUNCTIONAL_NETLIST     ; Off                                    ; --            ; --          ; eda_board_design_timing           ;
; EDA_GENERATE_FUNCTIONAL_NETLIST     ; Off                                    ; --            ; --          ; eda_board_design_boundary_scan    ;
; EDA_GENERATE_FUNCTIONAL_NETLIST     ; Off                                    ; --            ; --          ; eda_board_design_signal_integrity ;
; EDA_GENERATE_FUNCTIONAL_NETLIST     ; Off                                    ; --            ; --          ; eda_board_design_symbol           ;
; EDA_OUTPUT_DATA_FORMAT              ; Vhdl                                   ; --            ; --          ; eda_simulation                    ;
; EDA_SIMULATION_TOOL                 ; Questa Intel FPGA (VHDL)               ; <None>        ; --          ; --                                ;
; EDA_TIME_SCALE                      ; 1 ps                                   ; --            ; --          ; eda_simulation                    ;
; MAX_CORE_JUNCTION_TEMP              ; 85                                     ; --            ; --          ; --                                ;
; MIN_CORE_JUNCTION_TEMP              ; 0                                      ; --            ; --          ; --                                ;
; PARTITION_COLOR                     ; -- (Not supported for targeted family) ; --            ; neorv32_top ; Top                               ;
; PARTITION_FITTER_PRESERVATION_LEVEL ; -- (Not supported for targeted family) ; --            ; neorv32_top ; Top                               ;
; PARTITION_NETLIST_TYPE              ; -- (Not supported for targeted family) ; --            ; neorv32_top ; Top                               ;
; POWER_BOARD_THERMAL_MODEL           ; None (CONSERVATIVE)                    ; --            ; --          ; --                                ;
; POWER_PRESET_COOLING_SOLUTION       ; 23 MM HEAT SINK WITH 200 LFPM AIRFLOW  ; --            ; --          ; --                                ;
; PROJECT_OUTPUT_DIRECTORY            ; output_files                           ; --            ; --          ; --                                ;
; TOP_LEVEL_ENTITY                    ; neorv32_top                            ; nerrv32       ; --          ; --                                ;
+-------------------------------------+----------------------------------------+---------------+-------------+-----------------------------------+


+--------------------------------------------------------------------------------------------------------------------------+
; Flow Elapsed Time                                                                                                        ;
+----------------------+--------------+-------------------------+---------------------+------------------------------------+
; Module Name          ; Elapsed Time ; Average Processors Used ; Peak Virtual Memory ; Total CPU Time (on all processors) ;
+----------------------+--------------+-------------------------+---------------------+------------------------------------+
; Analysis & Synthesis ; 00:00:12     ; 1.0                     ; 5043 MB             ; 00:00:21                           ;
; Fitter               ; 00:00:30     ; 1.1                     ; 6528 MB             ; 00:01:20                           ;
; Assembler            ; 00:00:03     ; 1.0                     ; 4810 MB             ; 00:00:02                           ;
; Timing Analyzer      ; 00:00:02     ; 1.5                     ; 5019 MB             ; 00:00:02                           ;
; EDA Netlist Writer   ; 00:00:00     ; 1.0                     ; 4739 MB             ; 00:00:01                           ;
; Total                ; 00:00:47     ; --                      ; --                  ; 00:01:46                           ;
+----------------------+--------------+-------------------------+---------------------+------------------------------------+


+------------------------------------------------------------------------------------+
; Flow OS Summary                                                                    ;
+----------------------+------------------+------------+------------+----------------+
; Module Name          ; Machine Hostname ; OS Name    ; OS Version ; Processor type ;
+----------------------+------------------+------------+------------+----------------+
; Analysis & Synthesis ; yag0x1-pc        ; Windows 10 ; 10.0       ; x86_64         ;
; Fitter               ; yag0x1-pc        ; Windows 10 ; 10.0       ; x86_64         ;
; Assembler            ; yag0x1-pc        ; Windows 10 ; 10.0       ; x86_64         ;
; Timing Analyzer      ; yag0x1-pc        ; Windows 10 ; 10.0       ; x86_64         ;
; EDA Netlist Writer   ; yag0x1-pc        ; Windows 10 ; 10.0       ; x86_64         ;
+----------------------+------------------+------------+------------+----------------+


------------
; Flow Log ;
------------
quartus_map --read_settings_files=on --write_settings_files=off nerrv32 -c nerrv32
quartus_fit --read_settings_files=off --write_settings_files=off nerrv32 -c nerrv32
quartus_asm --read_settings_files=off --write_settings_files=off nerrv32 -c nerrv32
quartus_sta nerrv32 -c nerrv32
quartus_eda --read_settings_files=off --write_settings_files=off nerrv32 -c nerrv32



